1548100757983:name Igor
1548101575784:test
1548102605871:questions
1548102611062:test
1548145384800:name Igor
1548145393629:surname Antonov
1548145402478:test
1548145804889:name Igor
1548145815986:surname Antonov
1548145826638:test
1548146143322:name Igor
1548146152316:surname Antonov
1548146616523:name Igor
1548146624540:surname Antonov
1548146628952:test
1548146655886:name Игорь
1548146665267:surname Фтещтщм
1548146672822:test
1548147012868:name Игорь
1548147028745:surname Антонов
1548147036033:test
1548147696614:name Игорь
1548147701143:test
1548147712985:Антонов
1548147729117:surname Антонов
1548147759700:test
1548164411842:surname i
1548164416050:test
1548165407865:name Igor
1548165412200:test
1548165423564:surname Antonov
1548165432178:test
1548166586913:locale
1548166757844:locale ru
1548167488809:locale
1548167499691:locale f
1548167531093:locale e
1548167540907:locale en
1548167606201:locale ru
1548167720335:locale r
1548167727303:locale en
1548167735735:locale ru
1548167767998:locale f
1548167786829:locale en
1548167794768:name Igor
1548167799220:test
1548167808593:surname Antonov
1548167812900:test
1548168095003:locale en
1548168101355:name e
1548168107089:surname r
1548168111084:test
1548168171871:locale en
1548168176124:name fd
1548168180866:surname f
1548168185288:test
1548168485774:name f
1548168491697:locale en
1548168497939:surname ef
1548168502085:test
1548168643833:locale en
1548168649608:name Igor
1548168656220:surname Antonov
1548168663859:test
1548168679844:locale vsd
1548168686943:locale ru
1548168693866:test
1548168747816:locale ru
1548168752600:name se
1548168757584:surname se
1548168762331:test
1548168899879:locale ru
1548168913029:name Igor
1548168920148:surname Antonov
1548168924792:test
1548168937140:locale en
1548168941360:test
1548169085060:name Igor
1548169093257:surname Antonov
1548169103350:locale ru
1548169107196:test
1548169119171:locale en
1548169122703:test
1548237515434:locale en
1548237521088:name Igor
1548237528284:surname Antonov
1548237534263:test
1548237544108:locale
1548237549050:locale 3
1548237557123:locale ru
1548237576154:name Игорь
1548237585842:surname Антонов
1548237605085:test
